Content-Length: 2514
{"jsonrpc":"2.0","id":0,"method":"initialize","params":{"processId":2088,"rootPath":"d:\\Cursos\\Semana Omnistack\\backend","rootUri":"file:///d%3A/Cursos/Semana%20Omnistack/backend","capabilities":{"workspace":{"applyEdit":true,"workspaceEdit":{"documentChanges":true},"didChangeConfiguration":{"dynamicRegistration":true},"didChangeWatchedFiles":{"dynamicRegistration":true},"symbol":{"dynamicRegistration":true,"symbolKind":{"valueSet":[1,2,3,4,5,6,7,8,9,10,11,12,13,14,15,16,17,18,19,20,21,22,23,24,25,26]}},"executeCommand":{"dynamicRegistration":true},"configuration":true,"workspaceFolders":true},"textDocument":{"publishDiagnostics":{"relatedInformation":true},"synchronization":{"dynamicRegistration":true,"willSave":true,"willSaveWaitUntil":true,"didSave":true},"completion":{"dynamicRegistration":true,"contextSupport":true,"completionItem":{"snippetSupport":true,"commitCharactersSupport":true,"documentationFormat":["markdown","plaintext"],"deprecatedSupport":true,"preselectSupport":true},"completionItemKind":{"valueSet":[1,2,3,4,5,6,7,8,9,10,11,12,13,14,15,16,17,18,19,20,21,22,23,24,25]}},"hover":{"dynamicRegistration":true,"contentFormat":["markdown","plaintext"]},"signatureHelp":{"dynamicRegistration":true,"signatureInformation":{"documentationFormat":["markdown","plaintext"]}},"definition":{"dynamicRegistration":true},"references":{"dynamicRegistration":true},"documentHighlight":{"dynamicRegistration":true},"documentSymbol":{"dynamicRegistration":true,"symbolKind":{"valueSet":[1,2,3,4,5,6,7,8,9,10,11,12,13,14,15,16,17,18,19,20,21,22,23,24,25,26]},"hierarchicalDocumentSymbolSupport":true},"codeAction":{"dynamicRegistration":true,"codeActionLiteralSupport":{"codeActionKind":{"valueSet":["","quickfix","refactor","refactor.extract","refactor.inline","refactor.rewrite","source","source.organizeImports"]}}},"codeLens":{"dynamicRegistration":true},"formatting":{"dynamicRegistration":true},"rangeFormatting":{"dynamicRegistration":true},"onTypeFormatting":{"dynamicRegistration":true},"rename":{"dynamicRegistration":true},"documentLink":{"dynamicRegistration":true},"typeDefinition":{"dynamicRegistration":true},"implementation":{"dynamicRegistration":true},"colorProvider":{"dynamicRegistration":true},"foldingRange":{"dynamicRegistration":true,"rangeLimit":5000,"lineFoldingOnly":true}}},"initializationOptions":{"launchArgs":["--log-file=totvsls.log","--record=totvsls"]},"trace":"off","workspaceFolders":[{"uri":"file:///d%3A/Cursos/Semana%20Omnistack/backend","name":"backend"}]}}
Content-Length: 52
{"jsonrpc":"2.0","method":"initialized","params":{}}
Content-Length: 146
{"jsonrpc":"2.0","id":1,"method":"$totvsserver/changeSetting","params":{"changeSettingInfo":{"scope":"advpls","key":"autocomplete","value":"LS"}}}
Content-Length: 174
{"jsonrpc":"2.0","id":2,"method":"$totvsserver/changeSetting","params":{"changeSettingInfo":{"scope":"advpls","key":"notificationlevel","value":"errors warnings and infos"}}}
Content-Length: 722
{"jsonrpc":"2.0","id":3,"method":"$totvsserver/reconnect","params":{"reconnectInfo":{"connectionToken":"djI6bzBlc2Judnc2NWs4NGcxZnppMXNxcGp4dmY2NXE6MTp6ZDZqeHotcHJkLXByb3RoZXVzLnRvdHZzY2xvdWQuY29tLmJyOjIwMDA6MTo3LjAwLjE3MDExN0E=:djE6WkQ2SlhaOmFkbWluOmhrMUpyclJQQ2tTN1Noc1UxZlRnSkgxQjdpQW9pcURudVBidWR2YThaZ009|djI6MTU4NTE1OTcxNjowOjE6LTE=.wBp94ZiAqQsbyefIucoCHcrsz+gp5uNCVw/ba7HjcgHvPrTOyAYU/wnwoJ6OoW+tjvrB2FsF5K6qQ2kXZXUCknbCdAdr0QMb2bbGInMiu4Z3uNPMTWGbvkP/WGm3VthGvGvDdJ9oOMxp8SCu4tjTxyXvAMl7xm1UYLQJxoGBBiVjzI9orSxISlHAroBSSyV+xambc/VzK7aLARk9vrlT2wC3PjdBqX7YFa6jRZhae2XoaWGznubZ3PcW4cTbsCau7Qud0YJAq0dywoQsz57q2xCuq5r2SJIpP8rwNbN3o7ukvOz1jZFkuQ5cTKLr61OTeN/VXpeULDXSfWFZC7X87w==","serverName":"PRODUÇÃO - ZD6JXZ"}}}
Content-Length: 171
{"jsonrpc":"2.0","method":"$advpl/textDocumentDidView","params":{"textDocumentUri":"file:///d%3A/Cursos/Semana%20Omnistack/backend/src/controllers/IncidentController.js"}}
Content-Length: 147
{"jsonrpc":"2.0","method":"$advpl/textDocumentDidView","params":{"textDocumentUri":"file:///d%3A/Cursos/Semana%20Omnistack/backend/src/routes.js"}}
Content-Length: 171
{"jsonrpc":"2.0","method":"$advpl/textDocumentDidView","params":{"textDocumentUri":"file:///d%3A/Cursos/Semana%20Omnistack/backend/src/controllers/IncidentController.js"}}
Content-Length: 147
{"jsonrpc":"2.0","method":"$advpl/textDocumentDidView","params":{"textDocumentUri":"file:///d%3A/Cursos/Semana%20Omnistack/backend/src/routes.js"}}
Content-Length: 171
{"jsonrpc":"2.0","method":"$advpl/textDocumentDidView","params":{"textDocumentUri":"file:///d%3A/Cursos/Semana%20Omnistack/backend/src/controllers/IncidentController.js"}}
Content-Length: 170
{"jsonrpc":"2.0","method":"$advpl/textDocumentDidView","params":{"textDocumentUri":"file:///d%3A/Cursos/Semana%20Omnistack/backend/src/controllers/ProfileController.js"}}
Content-Length: 171
{"jsonrpc":"2.0","method":"$advpl/textDocumentDidView","params":{"textDocumentUri":"file:///d%3A/Cursos/Semana%20Omnistack/backend/src/controllers/IncidentController.js"}}
Content-Length: 170
{"jsonrpc":"2.0","method":"$advpl/textDocumentDidView","params":{"textDocumentUri":"file:///d%3A/Cursos/Semana%20Omnistack/backend/src/controllers/ProfileController.js"}}
Content-Length: 171
{"jsonrpc":"2.0","method":"$advpl/textDocumentDidView","params":{"textDocumentUri":"file:///d%3A/Cursos/Semana%20Omnistack/backend/src/controllers/IncidentController.js"}}
Content-Length: 170
{"jsonrpc":"2.0","method":"$advpl/textDocumentDidView","params":{"textDocumentUri":"file:///d%3A/Cursos/Semana%20Omnistack/backend/src/controllers/ProfileController.js"}}
Content-Length: 147
{"jsonrpc":"2.0","method":"$advpl/textDocumentDidView","params":{"textDocumentUri":"file:///d%3A/Cursos/Semana%20Omnistack/backend/src/routes.js"}}
Content-Length: 170
{"jsonrpc":"2.0","method":"$advpl/textDocumentDidView","params":{"textDocumentUri":"file:///d%3A/Cursos/Semana%20Omnistack/backend/src/controllers/ProfileController.js"}}
Content-Length: 147
{"jsonrpc":"2.0","method":"$advpl/textDocumentDidView","params":{"textDocumentUri":"file:///d%3A/Cursos/Semana%20Omnistack/backend/src/routes.js"}}
Content-Length: 170
{"jsonrpc":"2.0","method":"$advpl/textDocumentDidView","params":{"textDocumentUri":"file:///d%3A/Cursos/Semana%20Omnistack/backend/src/controllers/ProfileController.js"}}
Content-Length: 147
{"jsonrpc":"2.0","method":"$advpl/textDocumentDidView","params":{"textDocumentUri":"file:///d%3A/Cursos/Semana%20Omnistack/backend/src/routes.js"}}
Content-Length: 170
{"jsonrpc":"2.0","method":"$advpl/textDocumentDidView","params":{"textDocumentUri":"file:///d%3A/Cursos/Semana%20Omnistack/backend/src/controllers/ProfileController.js"}}
Content-Length: 147
{"jsonrpc":"2.0","method":"$advpl/textDocumentDidView","params":{"textDocumentUri":"file:///d%3A/Cursos/Semana%20Omnistack/backend/src/routes.js"}}
Content-Length: 170
{"jsonrpc":"2.0","method":"$advpl/textDocumentDidView","params":{"textDocumentUri":"file:///d%3A/Cursos/Semana%20Omnistack/backend/src/controllers/SessionController.js"}}
Content-Length: 147
{"jsonrpc":"2.0","method":"$advpl/textDocumentDidView","params":{"textDocumentUri":"file:///d%3A/Cursos/Semana%20Omnistack/backend/src/routes.js"}}
Content-Length: 170
{"jsonrpc":"2.0","method":"$advpl/textDocumentDidView","params":{"textDocumentUri":"file:///d%3A/Cursos/Semana%20Omnistack/backend/src/controllers/SessionController.js"}}
Content-Length: 171
{"jsonrpc":"2.0","method":"$advpl/textDocumentDidView","params":{"textDocumentUri":"file:///d%3A/Cursos/Semana%20Omnistack/backend/src/controllers/IncidentController.js"}}
Content-Length: 170
{"jsonrpc":"2.0","method":"$advpl/textDocumentDidView","params":{"textDocumentUri":"file:///d%3A/Cursos/Semana%20Omnistack/backend/src/controllers/SessionController.js"}}
Content-Length: 147
{"jsonrpc":"2.0","method":"$advpl/textDocumentDidView","params":{"textDocumentUri":"file:///d%3A/Cursos/Semana%20Omnistack/backend/src/routes.js"}}
Content-Length: 170
{"jsonrpc":"2.0","method":"$advpl/textDocumentDidView","params":{"textDocumentUri":"file:///d%3A/Cursos/Semana%20Omnistack/backend/src/controllers/SessionController.js"}}
Content-Length: 147
{"jsonrpc":"2.0","method":"$advpl/textDocumentDidView","params":{"textDocumentUri":"file:///d%3A/Cursos/Semana%20Omnistack/backend/src/routes.js"}}
Content-Length: 146
{"jsonrpc":"2.0","method":"$advpl/textDocumentDidView","params":{"textDocumentUri":"file:///d%3A/Cursos/Semana%20Omnistack/backend/src/index.js"}}
Content-Length: 147
{"jsonrpc":"2.0","method":"$advpl/textDocumentDidView","params":{"textDocumentUri":"file:///d%3A/Cursos/Semana%20Omnistack/backend/src/routes.js"}}
Content-Length: 170
{"jsonrpc":"2.0","method":"$advpl/textDocumentDidView","params":{"textDocumentUri":"file:///d%3A/Cursos/Semana%20Omnistack/backend/src/controllers/SessionController.js"}}
Content-Length: 147
{"jsonrpc":"2.0","method":"$advpl/textDocumentDidView","params":{"textDocumentUri":"file:///d%3A/Cursos/Semana%20Omnistack/backend/src/routes.js"}}
Content-Length: 171
{"jsonrpc":"2.0","method":"$advpl/textDocumentDidView","params":{"textDocumentUri":"file:///d%3A/Cursos/Semana%20Omnistack/backend/src/controllers/IncidentController.js"}}
Content-Length: 146
{"jsonrpc":"2.0","method":"$advpl/textDocumentDidView","params":{"textDocumentUri":"file:///d%3A/Cursos/Semana%20Omnistack/backend/src/index.js"}}
Content-Length: 148
{"jsonrpc":"2.0","method":"$advpl/textDocumentDidView","params":{"textDocumentUri":"file:///d%3A/Cursos/Semana%20Omnistack/backend/src/.gitignore"}}
Content-Length: 146
{"jsonrpc":"2.0","method":"$advpl/textDocumentDidView","params":{"textDocumentUri":"file:///d%3A/Cursos/Semana%20Omnistack/backend/src/index.js"}}
Content-Length: 148
{"jsonrpc":"2.0","method":"$advpl/textDocumentDidView","params":{"textDocumentUri":"file:///d%3A/Cursos/Semana%20Omnistack/backend/src/.gitignore"}}
Content-Length: 146
{"jsonrpc":"2.0","id":4,"method":"$totvsserver/changeSetting","params":{"changeSettingInfo":{"scope":"advpls","key":"autocomplete","value":"LS"}}}
Content-Length: 174
{"jsonrpc":"2.0","id":5,"method":"$totvsserver/changeSetting","params":{"changeSettingInfo":{"scope":"advpls","key":"notificationlevel","value":"errors warnings and infos"}}}
Content-Length: 76
{"jsonrpc":"2.0","method":"$/setTraceNotification","params":{"value":"off"}}
Content-Length: 144
{"jsonrpc":"2.0","method":"$advpl/textDocumentDidView","params":{"textDocumentUri":"file:///d%3A/Cursos/Semana%20Omnistack/backend/.gitignore"}}
Content-Length: 58
{"jsonrpc":"2.0","id":6,"method":"shutdown","params":null}
Content-Length: 47
{"jsonrpc":"2.0","method":"exit","params":null}
